<?xml version="1.0" encoding="UTF-8"?>
<testng-results skipped="0" failed="0" ignored="0" total="0" passed="0">
  <reporter-output>
  </reporter-output>
  <suite name="com.AutomationFramework.Automation.AppTest" duration-ms="4" started-at="2018-02-14T14:11:49Z" finished-at="2018-02-14T14:11:49Z">
    <groups>
    </groups>
    <test name="Command line test" duration-ms="4" started-at="2018-02-14T14:11:49Z" finished-at="2018-02-14T14:11:49Z">
    </test> <!-- Command line test -->
  </suite> <!-- com.AutomationFramework.Automation.AppTest -->
</testng-results>
