<?xml version="1.0" encoding="UTF-8"?>
<testng-results skipped="0" failed="0" ignored="0" total="1" passed="1">
  <reporter-output>
  </reporter-output>
  <suite name="Command line suite" duration-ms="9" started-at="2018-02-16T05:12:43Z" finished-at="2018-02-16T05:12:43Z">
    <groups>
    </groups>
    <test name="Command line test" duration-ms="9" started-at="2018-02-16T05:12:43Z" finished-at="2018-02-16T05:12:43Z">
      <class name="com.AutomationFramework.Automation.AppTest">
        <test-method status="PASS" signature="testApp()[pri:0, instance:testApp(com.AutomationFramework.Automation.AppTest)]" name="testApp" duration-ms="1" started-at="2018-02-16T10:42:43Z" finished-at="2018-02-16T10:42:43Z">
          <reporter-output>
          </reporter-output>
        </test-method> <!-- testApp -->
      </class> <!-- com.AutomationFramework.Automation.AppTest -->
    </test> <!-- Command line test -->
  </suite> <!-- Command line suite -->
</testng-results>
