<?xml version="1.0" encoding="UTF-8"?>
<testng-results skipped="0" failed="0" ignored="0" total="1" passed="1">
  <reporter-output>
  </reporter-output>
  <suite name="Command line suite" duration-ms="36" started-at="2018-06-19T12:06:14Z" finished-at="2018-06-19T12:06:14Z">
    <groups>
    </groups>
    <test name="Command line test" duration-ms="36" started-at="2018-06-19T12:06:14Z" finished-at="2018-06-19T12:06:14Z">
      <class name="Test_Automation.Automation_Tests.AppTest">
        <test-method status="PASS" signature="testApp()" name="testApp" duration-ms="6" started-at="2018-06-19T17:36:14Z" finished-at="2018-06-19T17:36:14Z">
          <reporter-output>
          </reporter-output>
        </test-method> <!-- testApp -->
      </class> <!-- Test_Automation.Automation_Tests.AppTest -->
    </test> <!-- Command line test -->
  </suite> <!-- Command line suite -->
</testng-results>
